<?xml version="1.0" encoding="UTF-8"?>
<testsuite xmlns:xsi="http://www.w3.org/2001/XMLSchema-instance" xsi:noNamespaceSchemaLocation="https://maven.apache.org/surefire/maven-surefire-plugin/xsd/surefire-test-report-3.0.xsd" version="3.0" name="com.iot.airsense.AirsenseApplicationTests" time="4.111" tests="1" errors="0" skipped="0" failures="0">
  <properties>
[...]
</properties>
  <testcase name="contextLoads" classname="com.iot.airsense.AirsenseApplicationTests" time="0.831">
    <system-out><![CDATA[00:56:10.600 [main] INFO org.springframework.test.context.support.AnnotationConfigContextLoaderUtils -- Could not detect default configuration classes for test class [com.iot.airsense.AirsenseApplicationTests]: AirsenseApplicationTests does not declare any static, non-private, non-final, nested classes annotated with @Configuration.
00:56:10.724 [main] INFO org.springframework.boot.test.context.SpringBootTestContextBootstrapper -- Found @SpringBootConfiguration com.iot.airsense.AirsenseApplication for test class com.iot.airsense.AirsenseApplicationTests

  .   ____          _            __ _ _
 /\\ / ___'_ __ _ _(_)_ __  __ _ \ \ \ \
( ( )\___ | '_ | '_| | '_ \/ _` | \ \ \ \
 \\/  ___)| |_)| | | | | || (_| |  ) ) ) )
  '  |____| .__|_| |_|_| |_\__, | / / / /
 =========|_|==============|___/=/_/_/_/

 :: Spring Boot ::                (v3.3.5)

2024-10-26T00:56:11.125+07:00  INFO 14724 --- [airsense] [           main] c.iot.airsense.AirsenseApplicationTests  : Starting AirsenseApplicationTests using Java 20 with PID 14724 (started by KIEN in D:\WORK_SPACE\iot\airsense)
2024-10-26T00:56:11.127+07:00  INFO 14724 --- [airsense] [           main] c.iot.airsense.AirsenseApplicationTests  : No active profile set, falling back to 1 default profile: "default"
2024-10-26T00:56:11.891+07:00  INFO 14724 --- [airsense] [           main] .s.d.r.c.RepositoryConfigurationDelegate : Bootstrapping Spring Data MongoDB repositories in DEFAULT mode.
2024-10-26T00:56:11.954+07:00  INFO 14724 --- [airsense] [           main] .s.d.r.c.RepositoryConfigurationDelegate : Finished Spring Data repository scanning in 56 ms. Found 1 MongoDB repository interface.
2024-10-26T00:56:12.591+07:00  INFO 14724 --- [airsense] [           main] org.mongodb.driver.client                : MongoClient with metadata {"application": {"name": "airsense"}, "driver": {"name": "mongo-java-driver|sync|spring-boot", "version": "5.0.1"}, "os": {"type": "Windows", "name": "Windows 11", "architecture": "amd64", "version": "10.0"}, "platform": "Java/Oracle Corporation/20+36-2344"} created with settings MongoClientSettings{readPreference=primary, writeConcern=WriteConcern{w=majority, wTimeout=null ms, journal=null}, retryWrites=true, retryReads=true, readConcern=ReadConcern{level=null}, credential=MongoCredential{mechanism=null, userName='quangkienta3', source='admin', password=<hidden>, mechanismProperties=<hidden>}, transportSettings=null, commandListeners=[], codecRegistry=ProvidersCodecRegistry{codecProviders=[ValueCodecProvider{}, BsonValueCodecProvider{}, DBRefCodecProvider{}, DBObjectCodecProvider{}, DocumentCodecProvider{}, CollectionCodecProvider{}, IterableCodecProvider{}, MapCodecProvider{}, GeoJsonCodecProvider{}, GridFSFileCodecProvider{}, Jsr310CodecProvider{}, JsonObjectCodecProvider{}, BsonCodecProvider{}, EnumCodecProvider{}, com.mongodb.client.model.mql.ExpressionCodecProvider@497d4c96, com.mongodb.Jep395RecordCodecProvider@3472947a, com.mongodb.KotlinCodecProvider@69d3cf7e]}, loggerSettings=LoggerSettings{maxDocumentLength=1000}, clusterSettings={hosts=[127.0.0.1:27017], srvHost=airsense.nlmsw.mongodb.net, srvServiceName=mongodb, mode=MULTIPLE, requiredClusterType=REPLICA_SET, requiredReplicaSetName='atlas-9wzzbv-shard-0', serverSelector='null', clusterListeners='[]', serverSelectionTimeout='30000 ms', localThreshold='15 ms'}, socketSettings=SocketSettings{connectTimeoutMS=10000, readTimeoutMS=0, receiveBufferSize=0, proxySettings=ProxySettings{host=null, port=null, username=null, password=null}}, heartbeatSocketSettings=SocketSettings{connectTimeoutMS=10000, readTimeoutMS=10000, receiveBufferSize=0, proxySettings=ProxySettings{host=null, port=null, username=null, password=null}}, connectionPoolSettings=ConnectionPoolSettings{maxSize=100, minSize=0, maxWaitTimeMS=120000, maxConnectionLifeTimeMS=0, maxConnectionIdleTimeMS=0, maintenanceInitialDelayMS=0, maintenanceFrequencyMS=60000, connectionPoolListeners=[], maxConnecting=2}, serverSettings=ServerSettings{heartbeatFrequencyMS=10000, minHeartbeatFrequencyMS=500, serverListeners='[]', serverMonitorListeners='[]'}, sslSettings=SslSettings{enabled=true, invalidHostNameAllowed=false, context=null}, applicationName='airsense', compressorList=[], uuidRepresentation=JAVA_LEGACY, serverApi=null, autoEncryptionSettings=null, dnsClient=null, inetAddressResolver=null, contextProvider=null}
2024-10-26T00:56:12.649+07:00  INFO 14724 --- [airsense] [msw.mongodb.net] org.mongodb.driver.cluster               : Adding discovered server airsense-shard-00-00.nlmsw.mongodb.net:27017 to client view of cluster
2024-10-26T00:56:12.674+07:00  INFO 14724 --- [airsense] [msw.mongodb.net] org.mongodb.driver.cluster               : Adding discovered server airsense-shard-00-02.nlmsw.mongodb.net:27017 to client view of cluster
2024-10-26T00:56:12.678+07:00  INFO 14724 --- [airsense] [msw.mongodb.net] org.mongodb.driver.cluster               : Adding discovered server airsense-shard-00-01.nlmsw.mongodb.net:27017 to client view of cluster
2024-10-26T00:56:13.412+07:00  INFO 14724 --- [airsense] [ngodb.net:27017] org.mongodb.driver.cluster               : Monitor thread successfully connected to server with description ServerDescription{address=airsense-shard-00-02.nlmsw.mongodb.net:27017, type=REPLICA_SET_SECONDARY, state=CONNECTED, ok=true, minWireVersion=0, maxWireVersion=21, maxDocumentSize=16777216, logicalSessionTimeoutMinutes=30, roundTripTimeNanos=373899900, setName='atlas-9wzzbv-shard-0', canonicalAddress=airsense-shard-00-02.nlmsw.mongodb.net:27017, hosts=[airsense-shard-00-02.nlmsw.mongodb.net:27017, airsense-shard-00-00.nlmsw.mongodb.net:27017, airsense-shard-00-01.nlmsw.mongodb.net:27017], passives=[], arbiters=[], primary='airsense-shard-00-01.nlmsw.mongodb.net:27017', tagSet=TagSet{[Tag{name='availabilityZone', value='apse1-az3'}, Tag{name='diskState', value='READY'}, Tag{name='nodeType', value='ELECTABLE'}, Tag{name='provider', value='AWS'}, Tag{name='region', value='AP_SOUTHEAST_1'}, Tag{name='workloadType', value='OPERATIONAL'}]}, electionId=null, setVersion=175, topologyVersion=TopologyVersion{processId=671b173ca57575014006fb96, counter=3}, lastWriteDate=Sat Oct 26 00:56:13 ICT 2024, lastUpdateTimeNanos=3554275469858200}
2024-10-26T00:56:13.412+07:00  INFO 14724 --- [airsense] [ngodb.net:27017] org.mongodb.driver.cluster               : Monitor thread successfully connected to server with description ServerDescription{address=airsense-shard-00-00.nlmsw.mongodb.net:27017, type=REPLICA_SET_SECONDARY, state=CONNECTED, ok=true, minWireVersion=0, maxWireVersion=21, maxDocumentSize=16777216, logicalSessionTimeoutMinutes=30, roundTripTimeNanos=381833400, setName='atlas-9wzzbv-shard-0', canonicalAddress=airsense-shard-00-00.nlmsw.mongodb.net:27017, hosts=[airsense-shard-00-02.nlmsw.mongodb.net:27017, airsense-shard-00-00.nlmsw.mongodb.net:27017, airsense-shard-00-01.nlmsw.mongodb.net:27017], passives=[], arbiters=[], primary='airsense-shard-00-01.nlmsw.mongodb.net:27017', tagSet=TagSet{[Tag{name='availabilityZone', value='apse1-az2'}, Tag{name='diskState', value='READY'}, Tag{name='nodeType', value='ELECTABLE'}, Tag{name='provider', value='AWS'}, Tag{name='region', value='AP_SOUTHEAST_1'}, Tag{name='workloadType', value='OPERATIONAL'}]}, electionId=null, setVersion=175, topologyVersion=TopologyVersion{processId=671b158a727e923c73b670e1, counter=4}, lastWriteDate=Sat Oct 26 00:56:13 ICT 2024, lastUpdateTimeNanos=3554275469858200}
2024-10-26T00:56:13.412+07:00  INFO 14724 --- [airsense] [ngodb.net:27017] org.mongodb.driver.cluster               : Monitor thread successfully connected to server with description ServerDescription{address=airsense-shard-00-01.nlmsw.mongodb.net:27017, type=REPLICA_SET_PRIMARY, state=CONNECTED, ok=true, minWireVersion=0, maxWireVersion=21, maxDocumentSize=16777216, logicalSessionTimeoutMinutes=30, roundTripTimeNanos=381833200, setName='atlas-9wzzbv-shard-0', canonicalAddress=airsense-shard-00-01.nlmsw.mongodb.net:27017, hosts=[airsense-shard-00-02.nlmsw.mongodb.net:27017, airsense-shard-00-00.nlmsw.mongodb.net:27017, airsense-shard-00-01.nlmsw.mongodb.net:27017], passives=[], arbiters=[], primary='airsense-shard-00-01.nlmsw.mongodb.net:27017', tagSet=TagSet{[Tag{name='availabilityZone', value='apse1-az1'}, Tag{name='diskState', value='READY'}, Tag{name='nodeType', value='ELECTABLE'}, Tag{name='provider', value='AWS'}, Tag{name='region', value='AP_SOUTHEAST_1'}, Tag{name='workloadType', value='OPERATIONAL'}]}, electionId=7fffffff000000000000063c, setVersion=175, topologyVersion=TopologyVersion{processId=671b144a93d8f5b3964377cb, counter=6}, lastWriteDate=Sat Oct 26 00:56:13 ICT 2024, lastUpdateTimeNanos=3554275469858200}
2024-10-26T00:56:13.420+07:00  INFO 14724 --- [airsense] [ngodb.net:27017] org.mongodb.driver.cluster               : Discovered replica set primary airsense-shard-00-01.nlmsw.mongodb.net:27017 with max election id 7fffffff000000000000063c and max set version 175
2024-10-26T00:56:13.698+07:00  INFO 14724 --- [airsense] [           main] c.iot.airsense.AirsenseApplicationTests  : Started AirsenseApplicationTests in 2.836 seconds (process running for 3.734)
]]></system-out>
  </testcase>
</testsuite>